00001 import random
00002 
00003 def imprimir_tablero(tablero):
00004     """ Función para imprimir el tablero actual """
00005     for i in range(3):
00006         for j in range(3):
00007             print(f" {tablero[i][j]} ", end="")
00008             if j < 2:
00009                 print("|", end="")
00010         print()  # Salto de línea después de cada fila
00011         if i < 2:
00012             print("-----------")  # Línea horizontal entre filas
        Error 750. Sintaxis incorrecta. No se esperaba cambio en la indentacion.
00013 
00014 def verificar_ganador(tablero, jugador):
00015     """ Función para verificar si hay un ganador """
00016     # Verificar filas, columnas y diagonales
00017     for i in range(3):
00018         if (all(tablero[i][j] == jugador for j in range(3)) or       # Filas
00019             all(tablero[j][i] == jugador for j in range(3)) or       # Columnas
00020             all(tablero[i][i] == jugador for i in range(3)) or       # Diagonal principal
00021             all(tablero[i][2 - i] == jugador for i in range(3))):   # Diagonal secundaria
00022             return True
        Error 750. Sintaxis incorrecta. No se esperaba cambio en la indentacion.
00023     return False
00024 
00025 def movimiento_cpu(tablero, jugador):
00026     """ Función para que la CPU realice un movimiento """
00027     # Estrategia sencilla: mover aleatoriamente en una casilla vacía
00028     movimientos_posibles = [(i, j) for i in range(3) for j in range(3) if tablero[i][j] == " "]
00029     fila, columna = random.choice(movimientos_posibles)
00030     tablero[fila][columna] = jugador
00031 
00032 def juego_gato():
00033     """ Función principal para ejecutar el juego """
00034     tablero = [[" " for _ in range(3)] for _ in range(3)]
00035     
00036     # Solicitar nombre y edad del jugador
00037     nombre = input("Ingrese su nombre: ")
00038     while True:
        Error 620. Expresión inválida. No se esperaba cambio en la indentacion.
00039         edad_str = input("Ingrese su edad: ")
00040         try:
00041             edad = int(edad_str)
00042             break  # Si la conversión es exitosa, salir del bucle
00043         except ValueError:
00044             print("Error: La edad debe ser un número entero.")
00045     
00046     jugador_usuario = nombre
        Error 750. Sintaxis incorrecta. No se esperaba cambio en la indentacion.
        Error 862. En bloque de instrucciones de except solo se permite una única instrucción.
        Error 864. En bloque de instrucciones de except solo se permite una instrucción con el comando print.
00047     jugador_cpu = "CPU"
        Error 750. Sintaxis incorrecta. No se esperaba cambio en la indentacion.
        Error 862. En bloque de instrucciones de except solo se permite una única instrucción.
        Error 864. En bloque de instrucciones de except solo se permite una instrucción con el comando print.
00048     jugador_actual = "X"  # Empieza el usuario
        Error 750. Sintaxis incorrecta. No se esperaba cambio en la indentacion.
        Error 862. En bloque de instrucciones de except solo se permite una única instrucción.
        Error 864. En bloque de instrucciones de except solo se permite una instrucción con el comando print.
00049     
00050     resultado = None
        Error 750. Sintaxis incorrecta. No se esperaba cambio en la indentacion.
        Error 862. En bloque de instrucciones de except solo se permite una única instrucción.
        Error 864. En bloque de instrucciones de except solo se permite una instrucción con el comando print.
        Error 601. Sintaxis incorrecta. Palabra reservada no puede ser usada como variable válida
00051 
00052     while True:
        Error 750. Sintaxis incorrecta. No se esperaba cambio en la indentacion.
        Error 862. En bloque de instrucciones de except solo se permite una única instrucción.
        Error 864. En bloque de instrucciones de except solo se permite una instrucción con el comando print.
        Error 620. Expresión inválida. No se esperaba cambio en la indentacion.
00053         # Verificar si ya hay un resultado antes de imprimir el tablero
00054         if resultado:
00055             break
        Error 750. Sintaxis incorrecta. No se esperaba cambio en la indentacion.
00056 
00057         imprimir_tablero(tablero)
00058         print(f"\nTurno del jugador {jugador_usuario if jugador_actual == 'X' else jugador_cpu} ({jugador_actual})")
00059 
00060         if jugador_actual == "X":  # Turno del usuario
00061             try:
        Error 750. Sintaxis incorrecta. No se esperaba cambio en la indentacion.
00062                 fila, columna = map(int, input("Ingrese fila y columna (ej. '0 0'): ").split())
00063             except ValueError:
        Error 750. Sintaxis incorrecta. No se esperaba cambio en la indentacion.
00064                 print("Error: Por favor ingrese dos números separados por espacio.")
00065                 continue
        Error 862. En bloque de instrucciones de except solo se permite una única instrucción.
        Error 864. En bloque de instrucciones de except solo se permite una instrucción con el comando print.
00066 
00067             if not (0 <= fila < 3 and 0 <= columna < 3):
00068                 print("Error: Coordenadas fuera de rango. Debe ser entre 0 y 2.")
        Error 862. En bloque de instrucciones de except solo se permite una única instrucción.
00069                 continue
        Error 862. En bloque de instrucciones de except solo se permite una única instrucción.
        Error 864. En bloque de instrucciones de except solo se permite una instrucción con el comando print.
00070 
00071             if tablero[fila][columna] != " ":
00072                 print("Casilla ocupada. Intente de nuevo.")
        Error 862. En bloque de instrucciones de except solo se permite una única instrucción.
00073                 continue
        Error 862. En bloque de instrucciones de except solo se permite una única instrucción.
        Error 864. En bloque de instrucciones de except solo se permite una instrucción con el comando print.
00074 
00075             tablero[fila][columna] = jugador_actual
00076         else:  # Turno de la CPU
        Error 750. Sintaxis incorrecta. No se esperaba cambio en la indentacion.
        Error 862. En bloque de instrucciones de except solo se permite una única instrucción.
        Error 864. En bloque de instrucciones de except solo se permite una instrucción con el comando print.
00077             movimiento_cpu(tablero, jugador_actual)
        Error 750. Sintaxis incorrecta. No se esperaba cambio en la indentacion.
00078 
00079         if verificar_ganador(tablero, jugador_actual):
00080             resultado = f"\n¡El jugador {jugador_usuario if jugador_actual == 'X' else jugador_cpu} ({jugador_actual}) ha ganado!"
00081             break
        Error 750. Sintaxis incorrecta. No se esperaba cambio en la indentacion.
00082 
00083         if all(tablero[i][j] != " " for i in range(3) for j in range(3)):
00084             resultado = "\n¡Empate!"
        Error 750. Sintaxis incorrecta. No se esperaba cambio en la indentacion.
00085             break
        Error 750. Sintaxis incorrecta. No se esperaba cambio en la indentacion.
00086 
00087         jugador_actual = "O" if jugador_actual == "X" else "X"
00088 
00089     # Mostrar el tablero final y el resultado
00090     imprimir_tablero(tablero)
        Error 750. Sintaxis incorrecta. No se esperaba cambio en la indentacion.
        Error 862. En bloque de instrucciones de except solo se permite una única instrucción.
        Error 864. En bloque de instrucciones de except solo se permite una instrucción con el comando print.
00091     print(resultado)
        Error 750. Sintaxis incorrecta. No se esperaba cambio en la indentacion.
        Error 862. En bloque de instrucciones de except solo se permite una única instrucción.
00092 juego_gato()
=================================================
0 Token ==
0 Token <=
0 Token <
0 Token !=
0 Token >
0 Token >=
15 lineas de comentario
